18:21:48 [INFO]   [Tinyhost] Found 30 domains available
18:21:48 [INFO]   [Tinyhost] Generated: 2ufvt1y30hhr@orbit25k.io.vn
18:21:48 [INFO]   [NextDNS] Registering: 2ufvt1y30hhr@orbit25k.io.vn
18:21:49 [WARNING]   [NextDNS] Unexpected response: {"errors":{"password":"invalidCombination"}}
18:21:49 [ERROR]   Registration failed: {"errors":{"password":"invalidCombination"}}
18:36:28 [INFO]   [Tinyhost] Found 30 domains available
18:36:28 [INFO]   [Tinyhost] Generated: 638qwg9wbp6n@orbixacoa.com
18:36:28 [INFO]   [NextDNS] Registering: 638qwg9wbp6n@orbixacoa.com
18:36:34 [INFO]   [NextDNS] Registered! Profile: 65f459
18:36:42 [INFO]   [NextDNS] API Key: 9c326f45e7ff725a57baf7ab6b6db5a9f4654690
18:36:42 [INFO]   [File] Saved to api_keys.txt
18:37:42 [INFO]   [Tinyhost] Found 30 domains available
18:37:42 [INFO]   [Tinyhost] Generated: snlj2f05k2w1@hlhw7yo.jejes.de
18:37:42 [INFO]   [NextDNS] Registering: snlj2f05k2w1@hlhw7yo.jejes.de
18:37:48 [INFO]   [NextDNS] Registered! Profile: f9a19e
18:37:55 [INFO]   [NextDNS] API Key: 24b10c45557adf52557d7719f41ee00b7dcc10de
18:37:55 [INFO]   [File] Saved to api_keys.txt
18:39:16 [INFO]   [Tinyhost] Found 30 domains available
18:39:16 [INFO]   [Tinyhost] Generated: 6nb8jqzyxkyx@omgheels.com
18:39:16 [INFO]   [NextDNS] Registering: 6nb8jqzyxkyx@omgheels.com
18:39:23 [INFO]   [NextDNS] Registered! Profile: a1f974
18:39:30 [INFO]   [NextDNS] API Key: 8f30ede67f3dad5460ed7458264cc32d7254e750
18:39:30 [INFO]   [File] Saved to api_keys.txt
18:39:33 [INFO]   [Tinyhost] Generated: cyl7hvthspf4@apedesigns.linkpc.net
18:39:33 [INFO]   [NextDNS] Registering: cyl7hvthspf4@apedesigns.linkpc.net
18:39:40 [INFO]   [NextDNS] Registered! Profile: 41fc74
18:39:46 [INFO]   [NextDNS] API Key: 496dc5f7019532ed153bb65fa82de994b7846e75
18:39:46 [INFO]   [File] Saved to api_keys.txt
18:39:49 [INFO]   [Tinyhost] Generated: f8w6xyke4czt@egh9ef8.jejes.de
18:39:49 [INFO]   [NextDNS] Registering: f8w6xyke4czt@egh9ef8.jejes.de
18:39:56 [INFO]   [NextDNS] Registered! Profile: 445af8
18:40:02 [INFO]   [NextDNS] API Key: 7931ba0ce788a27cae44110bf8d4d2aacf45f050
18:40:02 [INFO]   [File] Saved to api_keys.txt
18:40:05 [INFO]   [Tinyhost] Generated: kelzkr4mtlh8@orbit25k.io.vn
18:40:05 [INFO]   [NextDNS] Registering: kelzkr4mtlh8@orbit25k.io.vn
18:40:12 [INFO]   [NextDNS] Registered! Profile: f5d2c7
18:40:18 [INFO]   [NextDNS] API Key: cf8211e2e39bce02fe36fc74244cf60f8e5ab22f
18:40:18 [INFO]   [File] Saved to api_keys.txt
18:40:21 [INFO]   [Tinyhost] Generated: zyguqd2lt6yo@khaibn.com
18:40:21 [INFO]   [NextDNS] Registering: zyguqd2lt6yo@khaibn.com
18:40:28 [INFO]   [NextDNS] Registered! Profile: d98bfd
18:40:34 [INFO]   [NextDNS] API Key: f4036d10c3dc210c05f26652ec7623bfb562f764
18:40:34 [INFO]   [File] Saved to api_keys.txt
18:40:58 [INFO]   [Tinyhost] Found 30 domains available
18:40:58 [INFO]   [Tinyhost] Generated: domaj5sjz57z@thejenkins.net
18:40:58 [INFO]   [NextDNS] Registering: domaj5sjz57z@thejenkins.net
18:41:05 [INFO]   [NextDNS] Registered! Profile: 692eb4
18:41:11 [INFO]   [NextDNS] API Key: 31156f78aa1b9f377243b08ca6fcfbffa6359d3b
18:41:11 [INFO]   [File] Saved to api_keys.txt
18:41:14 [INFO]   [Tinyhost] Generated: kkamouxz1jyu@alphatronic25k.io.vn
18:41:14 [INFO]   [NextDNS] Registering: kkamouxz1jyu@alphatronic25k.io.vn
18:41:20 [INFO]   [NextDNS] Registered! Profile: ed92bd
18:41:27 [INFO]   [NextDNS] API Key: 451a120d3fd993cb8f8fb525cdb283c742e81942
18:41:27 [INFO]   [File] Saved to api_keys.txt
18:41:30 [INFO]   [Tinyhost] Generated: zrrjt0y5k88x@1mi0imm.jejes.de
18:41:30 [INFO]   [NextDNS] Registering: zrrjt0y5k88x@1mi0imm.jejes.de
18:41:36 [INFO]   [NextDNS] Registered! Profile: c22b56
18:41:43 [INFO]   [NextDNS] API Key: 97cb2b82392b58df25c8b0e0851b718cf9f320df
18:41:43 [INFO]   [File] Saved to api_keys.txt
18:42:25 [INFO]   [Tinyhost] Found 30 domains available
18:42:25 [INFO]   [Tinyhost] Generated: uhfg8n3zrwwk@digitaldesign.run.place
18:42:25 [INFO]   [NextDNS] Registering: uhfg8n3zrwwk@digitaldesign.run.place
18:42:32 [INFO]   [NextDNS] Registered! Profile: 9ae6a9
18:42:38 [INFO]   [NextDNS] API Key: 8a4afa6b6e2d005f271bd3feb4ffe9e691286056
18:42:38 [INFO]   [File] Saved to api_keys.txt
18:42:41 [INFO]   [Tinyhost] Generated: ap5ggkjxfls5@digimaster.eu.cc
18:42:41 [INFO]   [NextDNS] Registering: ap5ggkjxfls5@digimaster.eu.cc
18:42:48 [INFO]   [NextDNS] Registered! Profile: 25c417
18:42:55 [INFO]   [NextDNS] API Key: c2d874f264c97f9fbd8a465d18882863b330e304
18:42:55 [INFO]   [File] Saved to api_keys.txt
18:42:58 [INFO]   [Tinyhost] Generated: i31tt2akhm6v@mtshop18.io.vn
18:42:58 [INFO]   [NextDNS] Registering: i31tt2akhm6v@mtshop18.io.vn
18:43:04 [INFO]   [NextDNS] Registered! Profile: 99b63e
18:43:11 [INFO]   [NextDNS] API Key: 65197f7da9bcac7cf14ab230030b91b2442a9036
18:43:11 [INFO]   [File] Saved to api_keys.txt
19:20:13 [INFO]   [Tinyhost] Found 30 domains available
19:20:13 [INFO]   [Tinyhost] Generated: q3juev0wltwp@klingai.asia
19:20:13 [INFO]   [NextDNS] Registering: q3juev0wltwp@klingai.asia
19:20:22 [INFO]   [NextDNS] Registered! Profile: dc415c
19:20:29 [INFO]   [NextDNS] API Key: d5b46e1ed41e7acab0986c4f4ae76ddf1845594f
19:20:29 [INFO]   [File] Saved to api_keys.txt
19:22:43 [INFO]   [Tinyhost] Found 30 domains available
19:22:43 [INFO]   [Tinyhost] Generated: 3ixuyhor8twn@45kg2gveo3.io.vn
19:22:43 [INFO]   [NextDNS] Registering: 3ixuyhor8twn@45kg2gveo3.io.vn
19:22:50 [INFO]   [NextDNS] Registered! Profile: 8dc61a
19:22:57 [INFO]   [NextDNS] API Key: bf9ccd4cde2252b53b4b1b5f6444adc90d358763
19:22:57 [INFO]   [File] Saved to api_keys.txt
19:23:00 [INFO]   [Tinyhost] Generated: sfkuzukup42z@drimex.cfd
19:23:00 [INFO]   [NextDNS] Registering: sfkuzukup42z@drimex.cfd
19:23:06 [INFO]   [NextDNS] Registered! Profile: 1dace6
19:23:13 [INFO]   [NextDNS] API Key: c9665a92f9c7388339dfa42b5b371f032f11833c
19:23:13 [INFO]   [File] Saved to api_keys.txt
19:23:55 [INFO]   [Tinyhost] Found 30 domains available
19:23:55 [INFO]   [Tinyhost] Generated: xhzsuwawu2qh@drimex.cfd
19:23:55 [INFO]   [NextDNS] Registering: xhzsuwawu2qh@drimex.cfd
19:24:01 [INFO]   [NextDNS] Registered! Profile: 2dd5d1
19:24:08 [INFO]   [NextDNS] API Key: c9905c3b6e5898996e33d4050309dbf1c6245cd4
19:24:08 [INFO]   [File] Saved to api_keys.txt
19:26:39 [INFO]   [Tinyhost] Found 30 domains available
19:26:39 [INFO]   [Tinyhost] Generated: wbqvb0fpwjua@v1.streamtv.biz.id
19:26:39 [INFO]   [NextDNS] Registering: wbqvb0fpwjua@v1.streamtv.biz.id
19:26:45 [INFO]   [NextDNS] Registered! Profile: af5c33
19:26:52 [INFO]   [NextDNS] API Key: 65c2dc9f2407a992257f97c33b4c0529e50612d3
19:26:52 [INFO]   [File] Saved to api_keys.txt
19:26:55 [INFO]   [Tinyhost] Generated: qfvco1tfs864@msqatl.com
19:26:55 [INFO]   [NextDNS] Registering: qfvco1tfs864@msqatl.com
19:27:01 [INFO]   [NextDNS] Registered! Profile: da2acf
19:27:08 [INFO]   [NextDNS] API Key: 8c4a4bd33f128b95512df93bfb0279c12246b2bc
19:27:08 [INFO]   [File] Saved to api_keys.txt
19:27:11 [INFO]   [Tinyhost] Generated: qgr5751m15q8@steel4work.io.vn
19:27:11 [INFO]   [NextDNS] Registering: qgr5751m15q8@steel4work.io.vn
19:27:17 [INFO]   [NextDNS] Registered! Profile: f371a8
19:27:24 [INFO]   [NextDNS] API Key: 172d73718d2da5bb1a69fc426a050e5389805a1a
19:27:24 [INFO]   [File] Saved to api_keys.txt
19:27:27 [INFO]   [Tinyhost] Generated: 6d4qqtkm3g1w@omnilog.space
19:27:27 [INFO]   [NextDNS] Registering: 6d4qqtkm3g1w@omnilog.space
19:27:34 [INFO]   [NextDNS] Registered! Profile: aac155
19:27:40 [INFO]   [NextDNS] API Key: 513888f45ee9aa45a5b3c4f46be53ecf244d5555
19:27:41 [INFO]   [File] Saved to api_keys.txt
19:27:44 [INFO]   [Tinyhost] Generated: h6hnrnxluhmo@transsgetrush.de
19:27:44 [INFO]   [NextDNS] Registering: h6hnrnxluhmo@transsgetrush.de
19:27:50 [INFO]   [NextDNS] Registered! Profile: 1a9fb6
19:27:57 [INFO]   [NextDNS] API Key: d22f91e81cdb048d80edbad603a47d97aa499241
19:27:57 [INFO]   [File] Saved to api_keys.txt
19:28:00 [INFO]   [Tinyhost] Generated: xn1iqm1aoxqk@steel4work.io.vn
19:28:00 [INFO]   [NextDNS] Registering: xn1iqm1aoxqk@steel4work.io.vn
19:28:07 [INFO]   [NextDNS] Registered! Profile: 2ae36a
19:28:13 [INFO]   [NextDNS] API Key: 27ee70762422b14971fdfef50393fffdaff609c7
19:28:13 [INFO]   [File] Saved to api_keys.txt
19:28:16 [INFO]   [Tinyhost] Generated: bszl6pe6rs6o@hotboyckdh1122.shop
19:28:16 [INFO]   [NextDNS] Registering: bszl6pe6rs6o@hotboyckdh1122.shop
19:28:23 [INFO]   [NextDNS] Registered! Profile: a2275a
19:28:30 [INFO]   [NextDNS] API Key: 94312f9a13dc8289fd24360df3e34648a734ad05
19:28:30 [INFO]   [File] Saved to api_keys.txt
19:28:33 [INFO]   [Tinyhost] Generated: 2mmegyfwtj0e@msqatl.com
19:28:33 [INFO]   [NextDNS] Registering: 2mmegyfwtj0e@msqatl.com
19:28:39 [INFO]   [NextDNS] Registered! Profile: e19ee5
19:28:46 [INFO]   [NextDNS] API Key: f0ba66e1f37ed0bc31f01d2a83419c2d24282106
19:28:46 [INFO]   [File] Saved to api_keys.txt
19:28:49 [INFO]   [Tinyhost] Generated: mpmntrztqmcj@kam4.ono.biz.id
19:28:49 [INFO]   [NextDNS] Registering: mpmntrztqmcj@kam4.ono.biz.id
19:28:55 [INFO]   [NextDNS] Registered! Profile: 89d4c1
19:29:02 [INFO]   [NextDNS] API Key: d281a3b4ff013cbbd3ed4fd674f0e7cb438484e2
19:29:02 [INFO]   [File] Saved to api_keys.txt
19:29:05 [INFO]   [Tinyhost] Generated: b9bac0vn6x2a@khaibn.com
19:29:05 [INFO]   [NextDNS] Registering: b9bac0vn6x2a@khaibn.com
19:29:11 [INFO]   [NextDNS] Registered! Profile: ea2c96
19:29:18 [INFO]   [NextDNS] API Key: 3a4033bf2f20c9d994d96c4241176895afa5e699
19:29:18 [INFO]   [File] Saved to api_keys.txt
19:31:24 [INFO]   [Tinyhost] Found 30 domains available
19:31:24 [INFO]   [Tinyhost] Generated: vahjnoa1jift@dyur.xclone.asia
19:31:24 [INFO]   [NextDNS] Registering: vahjnoa1jift@dyur.xclone.asia
19:31:31 [INFO]   [NextDNS] Registered! Profile: 692a74
19:31:37 [INFO]   [NextDNS] API Key: b5b81a418fce5cb4df3e759724abd7b796962462
19:31:37 [INFO]   [File] Saved to api_keys.txt
19:34:38 [INFO]   [Tinyhost] Found 30 domains available
19:34:38 [INFO]   [Tinyhost] Generated: whg4j88eadg4@empva11.com
19:34:38 [INFO]   [NextDNS] Registering: whg4j88eadg4@empva11.com
19:34:45 [INFO]   [NextDNS] Registered! Profile: 1859f6
19:34:51 [INFO]   [NextDNS] API Key: 29e4b3b24934c3582070870e101a0d79bb235a81
19:34:51 [INFO]   [File] Saved to api_keys.txt
19:51:38 [INFO]   [Tinyhost] Found 30 domains available
19:51:38 [INFO]   [Tinyhost] Generated: i6u98nuo528z@legendaryseller.com
19:51:38 [INFO]   [NextDNS] Registering: i6u98nuo528z@legendaryseller.com
19:51:48 [INFO]   [NextDNS] Registered! Profile: 77b9d9
19:51:54 [INFO]   [NextDNS] API Key: e42b4f63b79530fbcc054c97cc047f244b6bf9f6
19:51:54 [INFO]   [File] Saved to api_keys.txt
19:51:57 [INFO]   [Tinyhost] Generated: bntfqi03ury7@dyur2.xclone.asia
19:51:57 [INFO]   [NextDNS] Registering: bntfqi03ury7@dyur2.xclone.asia
19:52:04 [INFO]   [NextDNS] Registered! Profile: 55d64d
19:52:10 [INFO]   [NextDNS] API Key: ef9925e6c225dea319c03cb23b7801c0845cb9e9
19:52:10 [INFO]   [File] Saved to api_keys.txt
19:52:13 [INFO]   [Tinyhost] Generated: 57zovfs9ylig@ckdwrn5.jejes.de
19:52:13 [INFO]   [NextDNS] Registering: 57zovfs9ylig@ckdwrn5.jejes.de
19:52:20 [INFO]   [NextDNS] Registered! Profile: aa4e3d
19:52:26 [INFO]   [NextDNS] API Key: 12d9760f38890b63aad3ebb00397ed66cb12deb6
19:52:26 [INFO]   [File] Saved to api_keys.txt
19:55:16 [INFO]   [Tinyhost] Found 30 domains available
19:55:16 [INFO]   [Tinyhost] Generated: 2iw5p6jc4s1i@leruvo.icu
19:55:16 [INFO]   [NextDNS] Registering: 2iw5p6jc4s1i@leruvo.icu
19:55:23 [INFO]   [NextDNS] Registered! Profile: 93c568
19:55:30 [INFO]   [NextDNS] API Key: 905d42bb6af7237e9b6332d57f7d60276ccf3dc9
19:55:30 [INFO]   [File] Saved to api_keys.txt
19:55:33 [INFO]   [Tinyhost] Generated: 7lzoxz17ao8g@v1.streamtv.biz.id
19:55:33 [INFO]   [NextDNS] Registering: 7lzoxz17ao8g@v1.streamtv.biz.id
19:55:39 [INFO]   [NextDNS] Registered! Profile: be7ac2
19:55:46 [INFO]   [NextDNS] API Key: 16eec597479713356c7bd5c636d272bc2f8c9477
19:55:46 [INFO]   [File] Saved to api_keys.txt
19:55:49 [INFO]   [Tinyhost] Generated: e8gxo285l2ew@huychau.online
19:55:49 [INFO]   [NextDNS] Registering: e8gxo285l2ew@huychau.online
19:55:56 [INFO]   [NextDNS] Registered! Profile: 241d35
19:56:02 [INFO]   [NextDNS] API Key: 42efb13d8a87f582011e121b287910226772a359
19:56:02 [INFO]   [File] Saved to api_keys.txt
20:03:12 [INFO]   [Tinyhost] Found 30 domains available
20:03:12 [INFO]   [Tinyhost] Generated: mydesp4xkxoc@digimaster.eu.cc
20:03:12 [INFO]   [NextDNS] Registering: mydesp4xkxoc@digimaster.eu.cc
20:03:18 [INFO]   [NextDNS] Registered! Profile: 7ab6d8
20:03:25 [INFO]   [NextDNS] API Key: 4485cea3ca7ec6f3ec5845108556c8487101a777
20:03:25 [INFO]   [File] Saved to api_keys.txt
20:03:28 [INFO]   [Tinyhost] Generated: rqnb8fednxu8@veo325k.io.vn
20:03:28 [INFO]   [NextDNS] Registering: rqnb8fednxu8@veo325k.io.vn
20:03:35 [INFO]   [NextDNS] Registered! Profile: 8b35c3
20:03:41 [INFO]   [NextDNS] API Key: a0804ed99b7ea469782d6d0baafb66a7bfc1bab4
20:03:41 [INFO]   [File] Saved to api_keys.txt
20:03:44 [INFO]   [Tinyhost] Generated: ylk2ad5vh972@zellio.yachts
20:03:44 [INFO]   [NextDNS] Registering: ylk2ad5vh972@zellio.yachts
20:03:51 [INFO]   [NextDNS] Registered! Profile: fe34f4
20:03:57 [INFO]   [NextDNS] API Key: 81ed7eccf01e7679be25d690a8883211e4877f7f
20:03:57 [INFO]   [File] Saved to api_keys.txt
